app/build/outputs/logs/manifest-merger-debug-report.txt
-- Merging decision tree log ---
manifest
ADDED from AndroidManifest.xml:2:1
	package
		ADDED from AndroidManifest.xml:3:5
		INJECTED from AndroidManifest.xml:0:0
		INJECTED from AndroidManifest.xml:0:0
	android:versionName
		INJECTED from AndroidManifest.xml:0:0
		INJECTED from AndroidManifest.xml:0:0
	xmlns:android
		ADDED from AndroidManifest.xml:2:11
	android:versionCode
		INJECTED from AndroidManifest.xml:0:0
		INJECTED from AndroidManifest.xml:0:0
uses-permission#com.google.android.c2dm.permission.RECIEVE
ADDED from AndroidManifest.xml:4:5
	android:name
		ADDED from AndroidManifest.xml:4:22
uses-permission#android.permission.INTERNET
ADDED from AndroidManifest.xml:5:5
	android:name
		ADDED from AndroidManifest.xml:5:22
uses-permission#com.example.gcm.permission.C2D_MESSAGE
ADDED from AndroidManifest.xml:6:5
	android:name
		ADDED from AndroidManifest.xml:6:22
application
ADDED from AndroidManifest.xml:7:5
MERGED from com.android.support:appcompat-v7:22.2.1:22:5
MERGED from com.android.support:support-v4:22.2.1:22:5
MERGED from com.google.android.gms:play-services-gcm:7.5.0:19:5
MERGED from com.google.android.gms:play-services-base:7.5.0:20:5
MERGED from com.android.support:support-v4:22.2.1:22:5
	android:label
		ADDED from AndroidManifest.xml:10:9
	android:allowBackup
		ADDED from AndroidManifest.xml:8:9
	android:icon
		ADDED from AndroidManifest.xml:9:9
	android:theme
		ADDED from AndroidManifest.xml:11:9
meta-data#android.app.default_searchable
ADDED from AndroidManifest.xml:12:9
	android:value
		ADDED from AndroidManifest.xml:14:13
	android:name
		ADDED from AndroidManifest.xml:13:13
activity#com.example.dmudg16.hostelbuddy.startActivity
ADDED from AndroidManifest.xml:16:9
	android:label
		ADDED from AndroidManifest.xml:18:13
	android:name
		ADDED from AndroidManifest.xml:17:13
intent-filter#android.intent.action.MAIN+android.intent.category.LAUNCHER
ADDED from AndroidManifest.xml:19:13
action#android.intent.action.MAIN
ADDED from AndroidManifest.xml:20:17
	android:name
		ADDED from AndroidManifest.xml:20:25
category#android.intent.category.LAUNCHER
ADDED from AndroidManifest.xml:22:17
	android:name
		ADDED from AndroidManifest.xml:22:27
activity#com.example.dmudg16.hostelbuddy.SearchResultsActivity
ADDED from AndroidManifest.xml:25:11
	android:label
		ADDED from AndroidManifest.xml:27:14
	android:launchMode
		ADDED from AndroidManifest.xml:28:14
	android:name
		ADDED from AndroidManifest.xml:26:14
intent-filter#android.intent.action.SEARCH+android.intent.category.DEFAULT
ADDED from AndroidManifest.xml:29:14
action#android.intent.action.SEARCH
ADDED from AndroidManifest.xml:30:18
	android:name
		ADDED from AndroidManifest.xml:30:26
category#android.intent.category.DEFAULT
ADDED from AndroidManifest.xml:32:18
	android:name
		ADDED from AndroidManifest.xml:32:28
meta-data#android.app.searchable
ADDED from AndroidManifest.xml:34:16
	android:resource
		ADDED from AndroidManifest.xml:35:19
	android:name
		ADDED from AndroidManifest.xml:34:27
activity#com.example.dmudg16.hostelbuddy.showcomplaints
ADDED from AndroidManifest.xml:37:10
	android:label
		ADDED from AndroidManifest.xml:39:14
	android:name
		ADDED from AndroidManifest.xml:38:14
intent-filter#android.intent.category.DEFAULT+com.example.dmudg16.hostelbuddy.showcomplaints
ADDED from AndroidManifest.xml:40:14
action#com.example.dmudg16.hostelbuddy.showcomplaints
ADDED from AndroidManifest.xml:41:18
	android:name
		ADDED from AndroidManifest.xml:41:26
activity#com.example.dmudg16.hostelbuddy.washroom
ADDED from AndroidManifest.xml:46:9
	android:label
		ADDED from AndroidManifest.xml:48:13
	android:name
		ADDED from AndroidManifest.xml:47:13
intent-filter#android.intent.category.DEFAULT+com.example.dmudg16.hostelbuddy.washroom
ADDED from AndroidManifest.xml:49:13
action#com.example.dmudg16.hostelbuddy.washroom
ADDED from AndroidManifest.xml:50:17
	android:name
		ADDED from AndroidManifest.xml:50:25
activity#com.example.dmudg16.hostelbuddy.Electrician
ADDED from AndroidManifest.xml:55:9
	android:label
		ADDED from AndroidManifest.xml:57:13
	android:name
		ADDED from AndroidManifest.xml:56:13
intent-filter#android.intent.category.DEFAULT+com.example.dmudg16.hostelbuddy.electrician
ADDED from AndroidManifest.xml:58:13
action#com.example.dmudg16.hostelbuddy.electrician
ADDED from AndroidManifest.xml:59:17
	android:name
		ADDED from AndroidManifest.xml:59:25
activity#com.example.dmudg16.hostelbuddy.loginpage
ADDED from AndroidManifest.xml:64:10
	android:label
		ADDED from AndroidManifest.xml:66:14
	android:name
		ADDED from AndroidManifest.xml:65:14
intent-filter#android.intent.category.DEFAULT+com.example.dmudg16.hostelbuddy.loginpage
ADDED from AndroidManifest.xml:67:14
action#com.example.dmudg16.hostelbuddy.loginpage
ADDED from AndroidManifest.xml:68:18
	android:name
		ADDED from AndroidManifest.xml:68:26
activity#com.example.dmudg16.hostelbuddy.HomePage
ADDED from AndroidManifest.xml:73:10
	android:label
		ADDED from AndroidManifest.xml:75:14
	android:name
		ADDED from AndroidManifest.xml:74:14
intent-filter#android.intent.category.DEFAULT+com.example.dmudg16.hostelbuddy.homepage
ADDED from AndroidManifest.xml:76:14
action#com.example.dmudg16.hostelbuddy.homepage
ADDED from AndroidManifest.xml:77:18
	android:name
		ADDED from AndroidManifest.xml:77:26
activity#com.example.dmudg16.hostelbuddy.sportscomplaints
ADDED from AndroidManifest.xml:82:10
	android:label
		ADDED from AndroidManifest.xml:84:14
	android:name
		ADDED from AndroidManifest.xml:83:14
intent-filter#android.intent.category.DEFAULT+com.example.dmudg16.hostelbuddy.sportscomplaints
ADDED from AndroidManifest.xml:85:14
action#com.example.dmudg16.hostelbuddy.sportscomplaints
ADDED from AndroidManifest.xml:86:18
	android:name
		ADDED from AndroidManifest.xml:86:26
activity#com.example.dmudg16.hostelbuddy.ProblemPage
ADDED from AndroidManifest.xml:91:10
	android:label
		ADDED from AndroidManifest.xml:93:14
	android:windowSoftInputMode
		ADDED from AndroidManifest.xml:94:14
	android:name
		ADDED from AndroidManifest.xml:92:14
intent-filter#android.intent.category.DEFAULT+com.example.dmudg16.hostelbuddy.writecomplaint
ADDED from AndroidManifest.xml:95:14
action#com.example.dmudg16.hostelbuddy.writecomplaint
ADDED from AndroidManifest.xml:96:18
	android:name
		ADDED from AndroidManifest.xml:96:26
activity#com.example.dmudg16.hostelbuddy.Unsolved
ADDED from AndroidManifest.xml:102:9
	android:label
		ADDED from AndroidManifest.xml:104:13
	android:windowSoftInputMode
		ADDED from AndroidManifest.xml:105:13
	android:name
		ADDED from AndroidManifest.xml:103:13
intent-filter#android.intent.category.DEFAULT+com.example.dmudg16.hostelbuddy.unsolved
ADDED from AndroidManifest.xml:106:13
action#com.example.dmudg16.hostelbuddy.unsolved
ADDED from AndroidManifest.xml:107:17
	android:name
		ADDED from AndroidManifest.xml:107:25
activity#com.example.dmudg16.hostelbuddy.Solved
ADDED from AndroidManifest.xml:113:9
	android:label
		ADDED from AndroidManifest.xml:115:13
	android:windowSoftInputMode
		ADDED from AndroidManifest.xml:116:13
	android:name
		ADDED from AndroidManifest.xml:114:13
intent-filter#android.intent.category.DEFAULT+com.example.dmudg16.hostelbuddy.solved
ADDED from AndroidManifest.xml:117:13
action#com.example.dmudg16.hostelbuddy.solved
ADDED from AndroidManifest.xml:118:17
	android:name
		ADDED from AndroidManifest.xml:118:25
uses-sdk
INJECTED from AndroidManifest.xml:0:0 reason: use-sdk injection requested
MERGED from com.android.support:appcompat-v7:22.2.1:20:5
MERGED from com.android.support:support-v4:22.2.1:20:5
MERGED from com.google.android.gms:play-services-gcm:7.5.0:18:5
MERGED from com.google.android.gms:play-services-base:7.5.0:18:5
MERGED from com.android.support:support-v4:22.2.1:20:5
	android:targetSdkVersion
		INJECTED from AndroidManifest.xml:0:0
		INJECTED from AndroidManifest.xml:0:0
	android:minSdkVersion
		INJECTED from AndroidManifest.xml:0:0
		INJECTED from AndroidManifest.xml:0:0
meta-data#com.google.android.gms.version
ADDED from com.google.android.gms:play-services-base:7.5.0:21:9
	android:value
		ADDED from com.google.android.gms:play-services-base:7.5.0:23:13
	android:name
		ADDED from com.google.android.gms:play-services-base:7.5.0:22:13